<?xml version="1.0" encoding="UTF-8"?>
<!-- Generated by org.testng.reporters.JUnitReportReporter -->
<testsuite hostname="DESKTOP-F4UG1JA" failures="0" tests="1" name="testCases.TC001_LoginLogout" time="15.682" errors="0" timestamp="2022-03-01T17:25:55 IST" skipped="0">
  <testcase classname="testCases.TC001_LoginLogout" name="loginLogOut" time="15.682"/>
</testsuite> <!-- testCases.TC001_LoginLogout -->
